<?xml version="1.0" encoding="UTF-8"?>
<testng-results skipped="0" failed="0" total="0" passed="0">
  <reporter-output>
  </reporter-output>
  <suite name="com.zikyo.steps.TestBase" duration-ms="4" started-at="2016-07-20T15:07:17Z" finished-at="2016-07-20T15:07:17Z">
    <groups>
    </groups>
    <test name="Command line test 5e3e8507-caa5-4070-b73b-bb5fcc38a2de" duration-ms="4" started-at="2016-07-20T15:07:17Z" finished-at="2016-07-20T15:07:17Z">
    </test> <!-- Command line test 5e3e8507-caa5-4070-b73b-bb5fcc38a2de -->
  </suite> <!-- com.zikyo.steps.TestBase -->
</testng-results>
